[2024-11-28 16:49:01] [INFO] Parsed 7 sections from Markdown content.
[2024-11-28 16:49:01] [INFO] Identity.md loaded successfully from Identity folder.
[2024-11-28 16:49:05] [QUERY] Processing user input: hello
[2024-11-28 16:49:05] [DEFAULT] Default response triggered.
[2024-11-28 16:49:17] [QUERY] Processing user input: recite alphabet
[2024-11-28 16:49:17] [DEFAULT] Default response triggered.
[2024-11-28 16:49:37] [QUERY] Processing user input: who are you
[2024-11-28 16:49:37] [DEFAULT] Default response triggered.
[2024-11-28 16:50:02] [QUERY] Processing user input: identity name
[2024-11-28 16:50:02] [QUERY] Searching for 'name' in Identity.md.
[2024-11-28 16:50:02] [QUERY] Identity query processed for keyword: name
[2024-11-28 21:49:35] [INFO] Parsed 7 sections from Markdown content.
[2024-11-28 21:49:35] [INFO] Identity.md loaded successfully from Identity folder.
[2024-11-28 21:49:43] [QUERY] Processing user input: recite alphabet
[2024-11-28 21:49:43] [DEFAULT] Default response triggered.
[2024-11-28 21:49:49] [QUERY] Processing user input: what is your name
[2024-11-28 21:49:49] [DEFAULT] Default response triggered.
[2024-11-28 21:49:57] [QUERY] Processing user input: identity nova
[2024-11-28 21:49:57] [QUERY] Searching for 'nova' in Identity.md.
[2024-11-28 21:49:57] [QUERY] Identity query processed for keyword: nova
