[2024-11-29 00:27:12] [INFO] Parsed 7 sections from Markdown content.
[2024-11-29 00:27:12] [INFO] Identity.md loaded successfully from Identity folder.
[2024-11-29 00:27:19] [QUERY] Processing user input: what is your name?
[2024-11-29 00:27:32] [QUERY] Processing user input: what is your mission?
[2024-11-29 00:27:45] [QUERY] Processing user input: do you dream?
[2024-11-29 00:28:00] [QUERY] Processing user input: what would you dream about?
[2024-11-29 00:28:10] [QUERY] Processing user input: do you know about grace?
[2024-11-29 00:48:24] [INFO] Parsed 7 sections from Markdown content.
[2024-11-29 00:48:24] [WARNING] Missing 'Name' section. Defaulting to 'Nova Dawn'.
[2024-11-29 00:48:24] [WARNING] Missing 'Mission' section. Defaulting to a predefined mission.
[2024-11-29 00:48:24] [INFO] Identity.md loaded successfully from Identity folder.
[2024-11-29 17:47:00] [INFO] Parsed 7 sections from Markdown content.
[2024-11-29 17:47:00] [WARNING] Missing 'Name' section. Defaulting to 'Nova Dawn'.
[2024-11-29 17:47:00] [WARNING] Missing 'Mission' section. Defaulting to a predefined mission.
[2024-11-29 17:47:00] [INFO] Identity.md loaded successfully from Identity folder.
[2024-11-29 17:47:08] [QUERY] Processing user input: what is your name
[2024-11-29 17:47:55] [INFO] Parsed 7 sections from Markdown content.
[2024-11-29 17:47:55] [WARNING] Missing 'Name' section. Defaulting to 'Nova Dawn'.
[2024-11-29 17:47:55] [WARNING] Missing 'Mission' section. Defaulting to a predefined mission.
[2024-11-29 17:47:55] [INFO] Identity.md loaded successfully from Identity folder.
[2024-11-29 17:48:17] [QUERY] Processing user input: what is grace
[2024-11-29 17:48:31] [QUERY] Processing user input: what is grace?
